mode: set
github.com/alexkappa/go-exp/exp/strings.go:11.42,13.2 1 1
github.com/alexkappa/go-exp/exp/strings.go:17.39,19.2 1 1
github.com/alexkappa/go-exp/exp/strings.go:27.45,29.2 1 1
github.com/alexkappa/go-exp/exp/strings.go:33.41,35.2 1 1
github.com/alexkappa/go-exp/exp/strings.go:44.46,46.2 1 1
github.com/alexkappa/go-exp/exp/strings.go:50.43,52.2 1 1
github.com/alexkappa/go-exp/exp/strings.go:61.37,63.2 1 1
github.com/alexkappa/go-exp/exp/strings.go:67.38,69.2 1 1
github.com/alexkappa/go-exp/exp/strings.go:78.39,80.2 1 1
github.com/alexkappa/go-exp/exp/strings.go:84.44,86.2 1 1
github.com/alexkappa/go-exp/exp/strings.go:94.43,96.2 1 1
github.com/alexkappa/go-exp/exp/strings.go:100.35,102.2 1 1
github.com/alexkappa/go-exp/exp/time.go:12.37,14.16 2 1
github.com/alexkappa/go-exp/exp/time.go:17.2,17.28 1 1
github.com/alexkappa/go-exp/exp/time.go:14.16,16.3 1 1
github.com/alexkappa/go-exp/exp/time.go:23.41,25.2 1 1
github.com/alexkappa/go-exp/exp/time.go:34.40,36.16 2 1
github.com/alexkappa/go-exp/exp/time.go:39.2,39.28 1 1
github.com/alexkappa/go-exp/exp/time.go:36.16,38.3 1 0
github.com/alexkappa/go-exp/exp/time.go:45.45,47.2 1 1
github.com/alexkappa/go-exp/exp/time.go:56.39,58.16 2 1
github.com/alexkappa/go-exp/exp/time.go:61.2,61.27 1 1
github.com/alexkappa/go-exp/exp/time.go:58.16,60.3 1 0
github.com/alexkappa/go-exp/exp/time.go:66.44,68.2 1 1
github.com/alexkappa/go-exp/exp/time.go:74.27,76.2 1 1
github.com/alexkappa/go-exp/exp/bool.go:7.38,9.2 1 1
github.com/alexkappa/go-exp/exp/exp.go:32.37,34.2 1 1
github.com/alexkappa/go-exp/exp/exp.go:40.37,41.31 1 1
github.com/alexkappa/go-exp/exp/exp.go:46.2,46.13 1 1
github.com/alexkappa/go-exp/exp/exp.go:41.31,42.20 1 1
github.com/alexkappa/go-exp/exp/exp.go:42.20,44.4 1 1
github.com/alexkappa/go-exp/exp/exp.go:50.24,52.2 1 1
github.com/alexkappa/go-exp/exp/exp.go:58.36,59.31 1 1
github.com/alexkappa/go-exp/exp/exp.go:64.2,64.14 1 1
github.com/alexkappa/go-exp/exp/exp.go:59.31,60.19 1 1
github.com/alexkappa/go-exp/exp/exp.go:60.19,62.4 1 1
github.com/alexkappa/go-exp/exp/exp.go:68.23,70.2 1 1
github.com/alexkappa/go-exp/exp/exp.go:76.37,78.2 1 1
github.com/alexkappa/go-exp/exp/exp.go:81.21,83.2 1 1
github.com/alexkappa/go-exp/exp/numbers.go:11.37,13.2 1 1
github.com/alexkappa/go-exp/exp/numbers.go:17.29,19.2 1 1
github.com/alexkappa/go-exp/exp/numbers.go:22.26,24.2 1 1
github.com/alexkappa/go-exp/exp/numbers.go:27.32,29.2 1 1
github.com/alexkappa/go-exp/exp/numbers.go:32.27,34.2 1 1
github.com/alexkappa/go-exp/exp/numbers.go:42.37,45.28 3 1
github.com/alexkappa/go-exp/exp/numbers.go:48.2,48.16 1 1
github.com/alexkappa/go-exp/exp/numbers.go:45.28,47.3 1 0
github.com/alexkappa/go-exp/exp/numbers.go:53.35,55.2 1 1
github.com/alexkappa/go-exp/exp/numbers.go:58.26,60.2 1 1
github.com/alexkappa/go-exp/exp/numbers.go:63.38,65.2 1 1
github.com/alexkappa/go-exp/exp/numbers.go:68.27,70.2 1 1
github.com/alexkappa/go-exp/exp/numbers.go:78.37,81.28 3 1
github.com/alexkappa/go-exp/exp/numbers.go:84.2,84.16 1 1
github.com/alexkappa/go-exp/exp/numbers.go:81.28,83.3 1 0
github.com/alexkappa/go-exp/exp/numbers.go:89.32,91.2 1 1
github.com/alexkappa/go-exp/exp/numbers.go:94.26,96.2 1 1
github.com/alexkappa/go-exp/exp/numbers.go:99.35,101.2 1 1
github.com/alexkappa/go-exp/exp/numbers.go:104.27,106.2 1 1
